d:\vsproject\arphijack\winpcapdnshijack\debug\vc140.pdb
d:\vsproject\arphijack\winpcapdnshijack\debug\vc140.idb
d:\vsproject\arphijack\winpcapdnshijack\debug\arpcheat.obj
d:\vsproject\arphijack\winpcapdnshijack\debug\clientaddress.obj
d:\vsproject\arphijack\winpcapdnshijack\debug\config.obj
d:\vsproject\arphijack\winpcapdnshijack\debug\connectionmanager.obj
d:\vsproject\arphijack\winpcapdnshijack\debug\fileoper.obj
d:\vsproject\arphijack\winpcapdnshijack\debug\main.obj
d:\vsproject\arphijack\winpcapdnshijack\debug\nat.obj
d:\vsproject\arphijack\winpcapdnshijack\debug\netcardinfo.obj
d:\vsproject\arphijack\winpcapdnshijack\debug\public.obj
d:\vsproject\arphijack\winpcapdnshijack\debug\publicutils.obj
d:\vsproject\arphijack\winpcapdnshijack\debug\packetprocess.obj
d:\vsproject\arphijack\winpcapdnshijack\debug\refreshtargets.obj
d:\vsproject\arphijack\winpcapdnshijack\debug\sniffertargets.obj
d:\vsproject\arphijack\winpcapdnshijack\debug\staticgateway.obj
d:\vsproject\arphijack\winpcapdnshijack\debug\virtualip.obj
d:\vsproject\arphijack\winpcapdnshijack\debug\vnatmodel.obj
d:\vsproject\arphijack\winpcapdnshijack\debug\winpcap.obj
d:\vsproject\arphijack\debug\arphijack.ilk
d:\vsproject\arphijack\debug\arphijack.exe
d:\vsproject\arphijack\debug\arphijack.pdb
d:\vsproject\arpattackerwin\arpattackerwin\debug\arpcheat.obj
d:\vsproject\arpattackerwin\arpattackerwin\debug\clientaddress.obj
d:\vsproject\arpattackerwin\arpattackerwin\debug\config.obj
d:\vsproject\arpattackerwin\arpattackerwin\debug\connectionmanager.obj
d:\vsproject\arpattackerwin\arpattackerwin\debug\fileoper.obj
d:\vsproject\arpattackerwin\arpattackerwin\debug\main.obj
d:\vsproject\arpattackerwin\arpattackerwin\debug\nat.obj
d:\vsproject\arpattackerwin\arpattackerwin\debug\netcardinfo.obj
d:\vsproject\arpattackerwin\arpattackerwin\debug\packetprocess.obj
d:\vsproject\arpattackerwin\arpattackerwin\debug\public.obj
d:\vsproject\arpattackerwin\arpattackerwin\debug\publicutils.obj
d:\vsproject\arpattackerwin\arpattackerwin\debug\refreshtargets.obj
d:\vsproject\arpattackerwin\arpattackerwin\debug\sniffertargets.obj
d:\vsproject\arpattackerwin\arpattackerwin\debug\staticgateway.obj
d:\vsproject\arpattackerwin\arpattackerwin\debug\virtualip.obj
d:\vsproject\arpattackerwin\arpattackerwin\debug\vnatmodel.obj
d:\vsproject\arpattackerwin\arpattackerwin\debug\winpcap.obj
d:\vsproject\arpattackerwin\arpattackerwin\debug\vc140.idb
d:\vsproject\arpattackerwin\arpattackerwin\debug\vc140.pdb
d:\vsproject\arpattackerwin\debug\arphijack.pdb
d:\vsproject\arpattackerwin\debug\arphijack.exe
d:\vsproject\arpattackerwin\debug\arphijack.ilk
d:\vsproject\arpattackerwin\arpattackerwin\debug\arphijack.tlog\cl.command.1.tlog
d:\vsproject\arpattackerwin\arpattackerwin\debug\arphijack.tlog\cl.read.1.tlog
d:\vsproject\arpattackerwin\arpattackerwin\debug\arphijack.tlog\cl.write.1.tlog
d:\vsproject\arpattackerwin\arpattackerwin\debug\arphijack.tlog\link.command.1.tlog
d:\vsproject\arpattackerwin\arpattackerwin\debug\arphijack.tlog\link.read.1.tlog
d:\vsproject\arpattackerwin\arpattackerwin\debug\arphijack.tlog\link.write.1.tlog
