  ArpCheat.cpp
D:\Project\arpAttackerWin-main\arpAttackerWin\ArpCheat.cpp(2,9): warning C4005: “WIN32_LEAN_AND_MEAN”: 宏重定义
      D:\Project\arpAttackerWin-main\arpAttackerWin\ArpCheat.cpp(2,9):
      之前在命令行上声明的“WIN32_LEAN_AND_MEAN”
  
D:\Project\arpAttackerWin-main\arpAttackerWin\ArpCheat.cpp(140,11): warning C4267: “初始化”: 从“size_t”转换到“int”，可能丢失数据
  ClientAddress.cpp
D:\Project\arpAttackerWin-main\arpAttackerWin\ClientAddress.cpp(4,9): warning C4005: “WIN32_LEAN_AND_MEAN”: 宏重定义
      D:\Project\arpAttackerWin-main\arpAttackerWin\ClientAddress.cpp(4,9):
      之前在命令行上声明的“WIN32_LEAN_AND_MEAN”
  
D:\Project\arpAttackerWin-main\arpAttackerWin\ClientAddress.cpp(19,10): warning C4267: “初始化”: 从“size_t”转换到“int”，可能丢失数据
D:\Project\arpAttackerWin-main\arpAttackerWin\ClientAddress.cpp(40,10): warning C4267: “初始化”: 从“size_t”转换到“int”，可能丢失数据
  config.cpp
D:\Project\arpAttackerWin-main\arpAttackerWin\config.cpp(3,9): warning C4005: “WIN32_LEAN_AND_MEAN”: 宏重定义
      D:\Project\arpAttackerWin-main\arpAttackerWin\config.cpp(3,9):
      之前在命令行上声明的“WIN32_LEAN_AND_MEAN”
  
D:\Project\arpAttackerWin-main\arpAttackerWin\config.cpp(80,15): warning C4267: “初始化”: 从“size_t”转换到“int”，可能丢失数据
D:\Project\arpAttackerWin-main\arpAttackerWin\config.cpp(107,25): warning C4267: “return”: 从“size_t”转换到“int”，可能丢失数据
D:\Project\arpAttackerWin-main\arpAttackerWin\config.cpp(161,21): warning C4267: “return”: 从“size_t”转换到“int”，可能丢失数据
D:\Project\arpAttackerWin-main\arpAttackerWin\config.cpp(183,15): warning C4267: “初始化”: 从“size_t”转换到“int”，可能丢失数据
D:\Project\arpAttackerWin-main\arpAttackerWin\config.cpp(197,23): warning C4267: “return”: 从“size_t”转换到“int”，可能丢失数据
D:\Project\arpAttackerWin-main\arpAttackerWin\config.cpp(227,21): warning C4267: “return”: 从“size_t”转换到“int”，可能丢失数据
  ConnectionManager.cpp
D:\Project\arpAttackerWin-main\arpAttackerWin\ConnectionManager.cpp(3,9): warning C4005: “WIN32_LEAN_AND_MEAN”: 宏重定义
      D:\Project\arpAttackerWin-main\arpAttackerWin\ConnectionManager.cpp(3,9):
      之前在命令行上声明的“WIN32_LEAN_AND_MEAN”
  
  FileOper.cpp
D:\Project\arpAttackerWin-main\arpAttackerWin\FileOper.cpp(43,13): warning C4267: “=”: 从“size_t”转换到“int”，可能丢失数据
D:\Project\arpAttackerWin-main\arpAttackerWin\FileOper.cpp(67,14): warning C4267: “=”: 从“size_t”转换到“int”，可能丢失数据
  main.cpp
D:\Project\arpAttackerWin-main\arpAttackerWin\main.cpp(9,9): warning C4005: “WIN32_LEAN_AND_MEAN”: 宏重定义
      D:\Project\arpAttackerWin-main\arpAttackerWin\main.cpp(9,9):
      之前在命令行上声明的“WIN32_LEAN_AND_MEAN”
  
  nat.cpp
D:\Project\arpAttackerWin-main\arpAttackerWin\Public.h(10,9): warning C4005: “WIN32_LEAN_AND_MEAN”: 宏重定义
  (编译源文件“nat.cpp”)
      D:\Project\arpAttackerWin-main\arpAttackerWin\Public.h(10,9):
      之前在命令行上声明的“WIN32_LEAN_AND_MEAN”
  
D:\Project\arpAttackerWin-main\arpAttackerWin\nat.cpp(101,27): warning C4244: “初始化”: 从“__int64”转换到“unsigned short”，可能丢失数据
  Netcard.cpp
D:\Project\arpAttackerWin-main\arpAttackerWin\Netcard.cpp(2,9): warning C4005: “WIN32_LEAN_AND_MEAN”: 宏重定义
      D:\Project\arpAttackerWin-main\arpAttackerWin\Netcard.cpp(2,9):
      之前在命令行上声明的“WIN32_LEAN_AND_MEAN”
  
  Utils.cpp
D:\Project\arpAttackerWin-main\arpAttackerWin\Utils.cpp(2,9): warning C4005: “WIN32_LEAN_AND_MEAN”: 宏重定义
      D:\Project\arpAttackerWin-main\arpAttackerWin\Utils.cpp(2,9):
      之前在命令行上声明的“WIN32_LEAN_AND_MEAN”
  
D:\Project\arpAttackerWin-main\arpAttackerWin\Utils.cpp(123,10): warning C4267: “初始化”: 从“size_t”转换到“int”，可能丢失数据
D:\Project\arpAttackerWin-main\arpAttackerWin\Utils.cpp(151,16): warning C4267: “=”: 从“size_t”转换到“int”，可能丢失数据
  Public.cpp
D:\Project\arpAttackerWin-main\arpAttackerWin\Public.h(10,9): warning C4005: “WIN32_LEAN_AND_MEAN”: 宏重定义
  (编译源文件“Public.cpp”)
      D:\Project\arpAttackerWin-main\arpAttackerWin\Public.h(10,9):
      之前在命令行上声明的“WIN32_LEAN_AND_MEAN”
  
  PacketProcess.cpp
D:\Project\arpAttackerWin-main\arpAttackerWin\PacketProcess.cpp(3,9): warning C4005: “WIN32_LEAN_AND_MEAN”: 宏重定义
      D:\Project\arpAttackerWin-main\arpAttackerWin\PacketProcess.cpp(3,9):
      之前在命令行上声明的“WIN32_LEAN_AND_MEAN”
  
D:\Project\arpAttackerWin-main\arpAttackerWin\PacketProcess.cpp(154,16): warning C4267: “初始化”: 从“size_t”转换到“int”，可能丢失数据
D:\Project\arpAttackerWin-main\arpAttackerWin\PacketProcess.cpp(211,28): warning C4244: “初始化”: 从“__int64”转换到“unsigned int”，可能丢失数据
  refreshTargets.cpp
D:\Project\arpAttackerWin-main\arpAttackerWin\refreshTargets.cpp(2,9): warning C4005: “WIN32_LEAN_AND_MEAN”: 宏重定义
      D:\Project\arpAttackerWin-main\arpAttackerWin\refreshTargets.cpp(2,9):
      之前在命令行上声明的“WIN32_LEAN_AND_MEAN”
  
  SnifferTargets.cpp
D:\Project\arpAttackerWin-main\arpAttackerWin\SnifferTargets.cpp(2,9): warning C4005: “WIN32_LEAN_AND_MEAN”: 宏重定义
      D:\Project\arpAttackerWin-main\arpAttackerWin\SnifferTargets.cpp(2,9):
      之前在命令行上声明的“WIN32_LEAN_AND_MEAN”
  
  staticGateway.cpp
D:\Project\arpAttackerWin-main\arpAttackerWin\staticGateway.cpp(2,9): warning C4005: “WIN32_LEAN_AND_MEAN”: 宏重定义
      D:\Project\arpAttackerWin-main\arpAttackerWin\staticGateway.cpp(2,9):
      之前在命令行上声明的“WIN32_LEAN_AND_MEAN”
  
  virtualIP.cpp
D:\Project\arpAttackerWin-main\arpAttackerWin\Public.h(10,9): warning C4005: “WIN32_LEAN_AND_MEAN”: 宏重定义
  (编译源文件“virtualIP.cpp”)
      D:\Project\arpAttackerWin-main\arpAttackerWin\Public.h(10,9):
      之前在命令行上声明的“WIN32_LEAN_AND_MEAN”
  
  winpcap.cpp
D:\Project\arpAttackerWin-main\arpAttackerWin\Public.h(10,9): warning C4005: “WIN32_LEAN_AND_MEAN”: 宏重定义
  (编译源文件“winpcap.cpp”)
      D:\Project\arpAttackerWin-main\arpAttackerWin\Public.h(10,9):
      之前在命令行上声明的“WIN32_LEAN_AND_MEAN”
  
  正在生成代码...
  arpAttackerWin.vcxproj -> D:\Project\arpAttackerWin-main\x64\Debug\ArpAttack.exe
