  ArpCheat.cpp
  ClientAddress.cpp
  config.cpp
  connectionManager.cpp
  fileOper.cpp
  main.cpp
  nat.cpp
nat.cpp(192): warning C4244: “参数”: 从“time_t”转换到“unsigned int”，可能丢失数据
  NetcardInfo.cpp
  Public.cpp
  PublicUtils.cpp
  PacketProcess.cpp
  refreshTargets.cpp
  snifferTargets.cpp
  staticGateway.cpp
  virtualIP.cpp
  vNatModel.cpp
  winpcap.cpp
  正在生成代码
  All 544 functions were compiled because no usable IPDB/IOBJ from previous compilation was found.
  已完成代码的生成
  arpAttackerWin.vcxproj -> D:\vsproject\arpAttackerWin\Release\arpHijack.exe
  arpAttackerWin.vcxproj -> D:\vsproject\arpAttackerWin\Release\arpHijack.pdb (Full PDB)
